2023-04-10 14:55:22,319 WARNING [default] Unable to locate file for Dark Magician (C:\Users\kingk\OneDrive - Swinburne University\1st Year\2nd Semester\COS20007\YugiohGame\bin\Debug\net6.0\images\/pics/46986414.jpg)
2023-04-10 14:59:42,032 WARNING [default] Unable to locate file for Dark Magician (C:\Users\kingk\OneDrive - Swinburne University\1st Year\2nd Semester\COS20007\YugiohGame\bin\Debug\net6.0\images\/pics/46986414.jpg)
2023-04-10 15:00:10,828 WARNING [default] Unable to locate file for Dark Magician (C:\Users\kingk\OneDrive - Swinburne University\1st Year\2nd Semester\COS20007\YugiohGame\bin\Debug\net6.0\images\/pics/46986414.jpg)
2023-04-10 15:02:06,417 WARNING [default] Unable to locate file for Dark Magician (C:\Users\kingk\OneDrive - Swinburne University\1st Year\2nd Semester\COS20007\YugiohGame\bin\Debug\net6.0\images\/pics/46986414.jpg)
2023-04-10 15:02:48,251 WARNING [default] Unable to locate file for Dark Magician (C:\Users\kingk\OneDrive - Swinburne University\1st Year\2nd Semester\COS20007\YugiohGame\bin\Debug\net6.0\images\/pics/46986414.jpg)
2023-04-10 15:03:52,516 WARNING [default] Unable to locate file for Dark Magician (C:\Users\kingk\OneDrive - Swinburne University\1st Year\2nd Semester\COS20007\YugiohGame\bin\Debug\net6.0\images\/pics/46986414.jpg)
2023-04-10 15:04:08,055 WARNING [default] Unable to locate file for Dark Magician (C:\Users\kingk\OneDrive - Swinburne University\1st Year\2nd Semester\COS20007\YugiohGame\bin\Debug\net6.0\images\/pics/46986414.jpg)
2023-04-10 15:04:55,946 WARNING [default] Unable to locate file for Dark Magician (C:\Users\kingk\OneDrive - Swinburne University\1st Year\2nd Semester\COS20007\YugiohGame\bin\Debug\net6.0\images\/pics/46986414.jpg)
2023-04-11 01:00:39,906 WARNING [default] Unable to locate file for Dark Magician (C:\Users\kingk\OneDrive - Swinburne University\1st Year\2nd Semester\COS20007\YugiohGame\bin\Debug\net6.0\images\/pics/46986414.jpg)
2023-04-11 01:04:16,092 WARNING [default] Unable to locate file for Dark Magician (C:\Users\kingk\OneDrive - Swinburne University\1st Year\2nd Semester\COS20007\YugiohGame\bin\Debug\net6.0\images\/pics/46986414.jpg)
2023-04-11 01:10:50,095 WARNING [default] Unable to locate file for Dark Magician (C:\Users\kingk\OneDrive - Swinburne University\1st Year\2nd Semester\COS20007\YugiohGame\bin\Debug\net6.0\images\/pics/46986414.jpg)
2023-04-11 01:11:52,770 WARNING [default] Unable to locate file for Dark Magician (C:\Users\kingk\OneDrive - Swinburne University\1st Year\2nd Semester\COS20007\YugiohGame\bin\Debug\net6.0\images\/pics/46986414.jpg)
2023-04-11 01:12:28,645 WARNING [default] Unable to locate file for Dark Magician (C:\Users\kingk\OneDrive - Swinburne University\1st Year\2nd Semester\COS20007\YugiohGame\bin\Debug\net6.0\images\/pics/46986414.jpg)
2023-04-11 01:16:47,336 WARNING [default] Unable to locate file for Dark Magician (C:\Users\kingk\OneDrive - Swinburne University\1st Year\2nd Semester\COS20007\YugiohGame\bin\Debug\net6.0\images\/pics/46986414.jpg)
2023-04-11 01:16:47,340 WARNING [default] Unable to locate file for  Dark Magician (C:\Users\kingk\OneDrive - Swinburne University\1st Year\2nd Semester\COS20007\YugiohGame\bin\Debug\net6.0\images\/pics/46986414.jpg)
2023-04-11 01:16:47,341 WARNING [default] Unable to locate file for  Dark Magician (C:\Users\kingk\OneDrive - Swinburne University\1st Year\2nd Semester\COS20007\YugiohGame\bin\Debug\net6.0\images\/pics/46986414.jpg)
2023-04-11 01:16:47,341 WARNING [default] Unable to locate file for  Dark Magician (C:\Users\kingk\OneDrive - Swinburne University\1st Year\2nd Semester\COS20007\YugiohGame\bin\Debug\net6.0\images\/pics/46986414.jpg)
2023-04-11 01:16:47,341 WARNING [default] Unable to locate file for  Dark Magician (C:\Users\kingk\OneDrive - Swinburne University\1st Year\2nd Semester\COS20007\YugiohGame\bin\Debug\net6.0\images\/pics/46986414.jpg)
2023-04-11 01:16:47,341 WARNING [default] Unable to locate file for  Dark Magician (C:\Users\kingk\OneDrive - Swinburne University\1st Year\2nd Semester\COS20007\YugiohGame\bin\Debug\net6.0\images\/pics/46986414.jpg)
2023-04-11 01:16:47,342 WARNING [default] Unable to locate file for Dark Magician (C:\Users\kingk\OneDrive - Swinburne University\1st Year\2nd Semester\COS20007\YugiohGame\bin\Debug\net6.0\images\/pics/46986414.jpg)
2023-04-11 01:18:46,686 WARNING [default] Unable to locate file for Dark Magician (C:\Users\kingk\OneDrive - Swinburne University\1st Year\2nd Semester\COS20007\YugiohGame\bin\Debug\net6.0\images\/pics/46986414.jpg)
2023-04-11 01:18:46,692 WARNING [default] Unable to locate file for  Dark Magician (C:\Users\kingk\OneDrive - Swinburne University\1st Year\2nd Semester\COS20007\YugiohGame\bin\Debug\net6.0\images\/pics/46986414.jpg)
2023-04-11 01:19:24,538 WARNING [default] Unable to locate file for Dark Magician (C:\Users\kingk\OneDrive - Swinburne University\1st Year\2nd Semester\COS20007\YugiohGame\bin\Debug\net6.0\images\/pics/46986414.jpg)
2023-04-11 01:19:24,542 WARNING [default] Unable to locate file for  Dark Magician (C:\Users\kingk\OneDrive - Swinburne University\1st Year\2nd Semester\COS20007\YugiohGame\bin\Debug\net6.0\images\/pics/46986414.jpg)
2023-04-11 01:19:24,543 WARNING [default] Unable to locate file for  Dark Magician (C:\Users\kingk\OneDrive - Swinburne University\1st Year\2nd Semester\COS20007\YugiohGame\bin\Debug\net6.0\images\/pics/46986414.jpg)
2023-04-11 01:19:24,546 WARNING [default] Unable to locate file for  Dark Magician (C:\Users\kingk\OneDrive - Swinburne University\1st Year\2nd Semester\COS20007\YugiohGame\bin\Debug\net6.0\images\/pics/46986414.jpg)
2023-04-11 01:19:24,551 WARNING [default] Unable to locate file for  Dark Magician (C:\Users\kingk\OneDrive - Swinburne University\1st Year\2nd Semester\COS20007\YugiohGame\bin\Debug\net6.0\images\/pics/46986414.jpg)
2023-04-11 01:19:24,555 WARNING [default] Unable to locate file for  Dark Magician (C:\Users\kingk\OneDrive - Swinburne University\1st Year\2nd Semester\COS20007\YugiohGame\bin\Debug\net6.0\images\/pics/46986414.jpg)
2023-04-11 01:19:24,555 WARNING [default] Unable to locate file for Dark Magician (C:\Users\kingk\OneDrive - Swinburne University\1st Year\2nd Semester\COS20007\YugiohGame\bin\Debug\net6.0\images\/pics/46986414.jpg)
2023-04-11 01:21:00,258 WARNING [default] Unable to locate file for Dark Magician (C:\Users\kingk\OneDrive - Swinburne University\1st Year\2nd Semester\COS20007\YugiohGame\bin\Debug\net6.0\images\/pics/46986414.jpg)
2023-04-11 01:21:00,264 WARNING [default] Unable to locate file for Dark Magician (C:\Users\kingk\OneDrive - Swinburne University\1st Year\2nd Semester\COS20007\YugiohGame\bin\Debug\net6.0\images\/pics/46986414.jpg)
2023-04-11 01:21:00,265 WARNING [default] Unable to locate file for Dark Magician (C:\Users\kingk\OneDrive - Swinburne University\1st Year\2nd Semester\COS20007\YugiohGame\bin\Debug\net6.0\images\/pics/46986414.jpg)
2023-04-11 01:21:00,267 WARNING [default] Unable to locate file for Dark Magician (C:\Users\kingk\OneDrive - Swinburne University\1st Year\2nd Semester\COS20007\YugiohGame\bin\Debug\net6.0\images\/pics/46986414.jpg)
2023-04-11 01:21:00,270 WARNING [default] Unable to locate file for Dark Magician (C:\Users\kingk\OneDrive - Swinburne University\1st Year\2nd Semester\COS20007\YugiohGame\bin\Debug\net6.0\images\/pics/46986414.jpg)
2023-04-11 01:21:00,273 WARNING [default] Unable to locate file for Dark Magician (C:\Users\kingk\OneDrive - Swinburne University\1st Year\2nd Semester\COS20007\YugiohGame\bin\Debug\net6.0\images\/pics/46986414.jpg)
2023-04-11 01:21:00,275 WARNING [default] Unable to locate file for Dark Magician (C:\Users\kingk\OneDrive - Swinburne University\1st Year\2nd Semester\COS20007\YugiohGame\bin\Debug\net6.0\images\/pics/46986414.jpg)
2023-04-11 01:21:28,824 WARNING [default] Unable to locate file for Dark Magician (C:\Users\kingk\OneDrive - Swinburne University\1st Year\2nd Semester\COS20007\YugiohGame\bin\Debug\net6.0\images\/pics/46986414.jpg)
2023-04-11 01:21:28,829 WARNING [default] Unable to locate file for Dark Magician (C:\Users\kingk\OneDrive - Swinburne University\1st Year\2nd Semester\COS20007\YugiohGame\bin\Debug\net6.0\images\/pics/46986414.jpg)
2023-04-11 01:21:28,830 WARNING [default] Unable to locate file for Dark Magician (C:\Users\kingk\OneDrive - Swinburne University\1st Year\2nd Semester\COS20007\YugiohGame\bin\Debug\net6.0\images\/pics/46986414.jpg)
2023-04-11 01:21:28,831 WARNING [default] Unable to locate file for Dark Magician (C:\Users\kingk\OneDrive - Swinburne University\1st Year\2nd Semester\COS20007\YugiohGame\bin\Debug\net6.0\images\/pics/46986414.jpg)
2023-04-11 01:21:28,836 WARNING [default] Unable to locate file for Dark Magician (C:\Users\kingk\OneDrive - Swinburne University\1st Year\2nd Semester\COS20007\YugiohGame\bin\Debug\net6.0\images\/pics/46986414.jpg)
2023-04-11 01:21:28,838 WARNING [default] Unable to locate file for Dark Magician (C:\Users\kingk\OneDrive - Swinburne University\1st Year\2nd Semester\COS20007\YugiohGame\bin\Debug\net6.0\images\/pics/46986414.jpg)
2023-04-11 01:21:28,838 WARNING [default] Unable to locate file for Dark Magician (C:\Users\kingk\OneDrive - Swinburne University\1st Year\2nd Semester\COS20007\YugiohGame\bin\Debug\net6.0\images\/pics/46986414.jpg)
2023-04-11 01:22:00,099 WARNING [default] Unable to locate file for Dark Magician (C:\Users\kingk\OneDrive - Swinburne University\1st Year\2nd Semester\COS20007\YugiohGame\bin\Debug\net6.0\images\/pics/46986414.jpg)
2023-04-11 01:22:00,104 WARNING [default] Unable to locate file for Dark Magician (C:\Users\kingk\OneDrive - Swinburne University\1st Year\2nd Semester\COS20007\YugiohGame\bin\Debug\net6.0\images\/pics/46986414.jpg)
2023-04-11 01:22:00,105 WARNING [default] Unable to locate file for Dark Magician (C:\Users\kingk\OneDrive - Swinburne University\1st Year\2nd Semester\COS20007\YugiohGame\bin\Debug\net6.0\images\/pics/46986414.jpg)
2023-04-11 01:22:00,106 WARNING [default] Unable to locate file for Dark Magician (C:\Users\kingk\OneDrive - Swinburne University\1st Year\2nd Semester\COS20007\YugiohGame\bin\Debug\net6.0\images\/pics/46986414.jpg)
2023-04-11 01:22:00,110 WARNING [default] Unable to locate file for Dark Magician (C:\Users\kingk\OneDrive - Swinburne University\1st Year\2nd Semester\COS20007\YugiohGame\bin\Debug\net6.0\images\/pics/46986414.jpg)
2023-04-11 01:22:00,113 WARNING [default] Unable to locate file for Dark Magician (C:\Users\kingk\OneDrive - Swinburne University\1st Year\2nd Semester\COS20007\YugiohGame\bin\Debug\net6.0\images\/pics/46986414.jpg)
2023-04-11 01:22:00,113 WARNING [default] Unable to locate file for Dark Magician (C:\Users\kingk\OneDrive - Swinburne University\1st Year\2nd Semester\COS20007\YugiohGame\bin\Debug\net6.0\images\/pics/46986414.jpg)
2023-04-11 01:24:21,891 WARNING [default] Unable to locate file for Dark Magician (C:\Users\kingk\OneDrive - Swinburne University\1st Year\2nd Semester\COS20007\YugiohGame\bin\Debug\net6.0\images\/pics/46986414.jpg)
2023-04-11 01:24:21,894 WARNING [default] Unable to locate file for Dark Magician (C:\Users\kingk\OneDrive - Swinburne University\1st Year\2nd Semester\COS20007\YugiohGame\bin\Debug\net6.0\images\/pics/46986414.jpg)
2023-04-11 01:24:21,895 WARNING [default] Unable to locate file for Dark Magician (C:\Users\kingk\OneDrive - Swinburne University\1st Year\2nd Semester\COS20007\YugiohGame\bin\Debug\net6.0\images\/pics/46986414.jpg)
2023-04-11 01:24:21,895 WARNING [default] Unable to locate file for Dark Magician (C:\Users\kingk\OneDrive - Swinburne University\1st Year\2nd Semester\COS20007\YugiohGame\bin\Debug\net6.0\images\/pics/46986414.jpg)
2023-04-11 01:24:21,895 WARNING [default] Unable to locate file for Dark Magician (C:\Users\kingk\OneDrive - Swinburne University\1st Year\2nd Semester\COS20007\YugiohGame\bin\Debug\net6.0\images\/pics/46986414.jpg)
2023-04-11 01:24:21,897 WARNING [default] Unable to locate file for Dark Magician (C:\Users\kingk\OneDrive - Swinburne University\1st Year\2nd Semester\COS20007\YugiohGame\bin\Debug\net6.0\images\/pics/46986414.jpg)
2023-04-11 01:24:21,897 WARNING [default] Unable to locate file for Dark Magician (C:\Users\kingk\OneDrive - Swinburne University\1st Year\2nd Semester\COS20007\YugiohGame\bin\Debug\net6.0\images\/pics/46986414.jpg)
2023-04-11 01:27:10,544 WARNING [default] Unable to locate file for Dark Magician (C:\Users\kingk\OneDrive - Swinburne University\1st Year\2nd Semester\COS20007\YugiohGame\bin\Debug\net6.0\images\/pics/46986414.jpg)
2023-04-11 01:27:10,548 WARNING [default] Unable to locate file for Dark Magician (C:\Users\kingk\OneDrive - Swinburne University\1st Year\2nd Semester\COS20007\YugiohGame\bin\Debug\net6.0\images\/pics/46986414.jpg)
2023-04-11 01:27:10,549 WARNING [default] Unable to locate file for Dark Magician (C:\Users\kingk\OneDrive - Swinburne University\1st Year\2nd Semester\COS20007\YugiohGame\bin\Debug\net6.0\images\/pics/46986414.jpg)
2023-04-11 01:27:10,549 WARNING [default] Unable to locate file for Dark Magician (C:\Users\kingk\OneDrive - Swinburne University\1st Year\2nd Semester\COS20007\YugiohGame\bin\Debug\net6.0\images\/pics/46986414.jpg)
2023-04-11 01:27:10,550 WARNING [default] Unable to locate file for Dark Magician (C:\Users\kingk\OneDrive - Swinburne University\1st Year\2nd Semester\COS20007\YugiohGame\bin\Debug\net6.0\images\/pics/46986414.jpg)
2023-04-11 01:27:10,551 WARNING [default] Unable to locate file for Dark Magician (C:\Users\kingk\OneDrive - Swinburne University\1st Year\2nd Semester\COS20007\YugiohGame\bin\Debug\net6.0\images\/pics/46986414.jpg)
2023-04-11 01:27:10,552 WARNING [default] Unable to locate file for Dark Magician (C:\Users\kingk\OneDrive - Swinburne University\1st Year\2nd Semester\COS20007\YugiohGame\bin\Debug\net6.0\images\/pics/46986414.jpg)
2023-04-11 01:28:35,511 WARNING [default] Unable to locate file for Dark Magician (C:\Users\kingk\OneDrive - Swinburne University\1st Year\2nd Semester\COS20007\YugiohGame\bin\Debug\net6.0\images\/pics/46986414.jpg)
2023-04-11 01:28:35,515 WARNING [default] Unable to locate file for Dark Magician (C:\Users\kingk\OneDrive - Swinburne University\1st Year\2nd Semester\COS20007\YugiohGame\bin\Debug\net6.0\images\/pics/46986414.jpg)
2023-04-11 01:28:35,516 WARNING [default] Unable to locate file for Dark Magician (C:\Users\kingk\OneDrive - Swinburne University\1st Year\2nd Semester\COS20007\YugiohGame\bin\Debug\net6.0\images\/pics/46986414.jpg)
2023-04-11 01:28:35,517 WARNING [default] Unable to locate file for Dark Magician (C:\Users\kingk\OneDrive - Swinburne University\1st Year\2nd Semester\COS20007\YugiohGame\bin\Debug\net6.0\images\/pics/46986414.jpg)
2023-04-11 01:28:35,517 WARNING [default] Unable to locate file for Dark Magician (C:\Users\kingk\OneDrive - Swinburne University\1st Year\2nd Semester\COS20007\YugiohGame\bin\Debug\net6.0\images\/pics/46986414.jpg)
2023-04-11 01:28:35,518 WARNING [default] Unable to locate file for Dark Magician (C:\Users\kingk\OneDrive - Swinburne University\1st Year\2nd Semester\COS20007\YugiohGame\bin\Debug\net6.0\images\/pics/46986414.jpg)
2023-04-11 01:28:35,518 WARNING [default] Unable to locate file for Dark Magician (C:\Users\kingk\OneDrive - Swinburne University\1st Year\2nd Semester\COS20007\YugiohGame\bin\Debug\net6.0\images\/pics/46986414.jpg)
2023-04-11 01:29:53,492 WARNING [default] Unable to locate file for Dark Magician (C:\Users\kingk\OneDrive - Swinburne University\1st Year\2nd Semester\COS20007\YugiohGame\bin\Debug\net6.0\images\/pics/46986414.jpg)
2023-04-11 01:29:53,497 WARNING [default] Unable to locate file for Dark Magician (C:\Users\kingk\OneDrive - Swinburne University\1st Year\2nd Semester\COS20007\YugiohGame\bin\Debug\net6.0\images\/pics/46986414.jpg)
2023-04-11 01:31:45,645 WARNING [default] Unable to locate file for Dark Magician (C:\Users\kingk\OneDrive - Swinburne University\1st Year\2nd Semester\COS20007\YugiohGame\bin\Debug\net6.0\images\/pics/46986414.jpg)
2023-04-11 01:31:45,649 WARNING [default] Unable to locate file for Dark Magician (C:\Users\kingk\OneDrive - Swinburne University\1st Year\2nd Semester\COS20007\YugiohGame\bin\Debug\net6.0\images\/pics/46986414.jpg)
2023-04-11 01:32:49,293 WARNING [default] Unable to locate file for Dark Magician (C:\Users\kingk\OneDrive - Swinburne University\1st Year\2nd Semester\COS20007\YugiohGame\bin\Debug\net6.0\images\/pics/46986414.jpg)
2023-04-11 01:32:49,297 WARNING [default] Unable to locate file for Dark Magician (C:\Users\kingk\OneDrive - Swinburne University\1st Year\2nd Semester\COS20007\YugiohGame\bin\Debug\net6.0\images\/pics/46986414.jpg)
2023-04-11 01:33:36,746 WARNING [default] Unable to locate file for Dark Magician (C:\Users\kingk\OneDrive - Swinburne University\1st Year\2nd Semester\COS20007\YugiohGame\bin\Debug\net6.0\images\/pics/46986414.jpg)
2023-04-11 01:33:36,749 WARNING [default] Unable to locate file for Dark Magician (C:\Users\kingk\OneDrive - Swinburne University\1st Year\2nd Semester\COS20007\YugiohGame\bin\Debug\net6.0\images\/pics/46986414.jpg)
2023-04-11 01:33:36,750 WARNING [default] Unable to locate file for Dark Magician (C:\Users\kingk\OneDrive - Swinburne University\1st Year\2nd Semester\COS20007\YugiohGame\bin\Debug\net6.0\images\/pics/46986414.jpg)
2023-04-11 01:33:36,751 WARNING [default] Unable to locate file for Dark Magician (C:\Users\kingk\OneDrive - Swinburne University\1st Year\2nd Semester\COS20007\YugiohGame\bin\Debug\net6.0\images\/pics/46986414.jpg)
2023-04-11 01:33:36,752 WARNING [default] Unable to locate file for Dark Magician (C:\Users\kingk\OneDrive - Swinburne University\1st Year\2nd Semester\COS20007\YugiohGame\bin\Debug\net6.0\images\/pics/46986414.jpg)
2023-04-11 01:33:36,752 WARNING [default] Unable to locate file for Dark Magician (C:\Users\kingk\OneDrive - Swinburne University\1st Year\2nd Semester\COS20007\YugiohGame\bin\Debug\net6.0\images\/pics/46986414.jpg)
2023-04-11 01:33:36,753 WARNING [default] Unable to locate file for Dark Magician (C:\Users\kingk\OneDrive - Swinburne University\1st Year\2nd Semester\COS20007\YugiohGame\bin\Debug\net6.0\images\/pics/46986414.jpg)
2023-04-11 01:36:20,197 WARNING [default] Unable to locate file for Dark Magician (C:\Users\kingk\OneDrive - Swinburne University\1st Year\2nd Semester\COS20007\YugiohGame\bin\Debug\net6.0\images\/pics/46986414.jpg)
2023-04-11 01:36:20,201 WARNING [default] Unable to locate file for Dark Magician (C:\Users\kingk\OneDrive - Swinburne University\1st Year\2nd Semester\COS20007\YugiohGame\bin\Debug\net6.0\images\/pics/46986414.jpg)
2023-04-11 01:36:43,589 WARNING [default] Unable to locate file for Dark Magician (C:\Users\kingk\OneDrive - Swinburne University\1st Year\2nd Semester\COS20007\YugiohGame\bin\Debug\net6.0\images\/pics/46986414.jpg)
2023-04-11 01:36:43,593 WARNING [default] Unable to locate file for Dark Magician (C:\Users\kingk\OneDrive - Swinburne University\1st Year\2nd Semester\COS20007\YugiohGame\bin\Debug\net6.0\images\/pics/46986414.jpg)
2023-04-11 01:36:59,565 WARNING [default] Unable to locate file for Dark Magician (C:\Users\kingk\OneDrive - Swinburne University\1st Year\2nd Semester\COS20007\YugiohGame\bin\Debug\net6.0\images\/pics/46986414.jpg)
2023-04-11 01:36:59,578 WARNING [default] Unable to locate file for Dark Magician (C:\Users\kingk\OneDrive - Swinburne University\1st Year\2nd Semester\COS20007\YugiohGame\bin\Debug\net6.0\images\/pics/46986414.jpg)
2023-04-11 01:38:01,567 WARNING [default] Unable to locate file for Dark Magician (C:\Users\kingk\OneDrive - Swinburne University\1st Year\2nd Semester\COS20007\YugiohGame\bin\Debug\net6.0\images\/pics/46986414.jpg)
2023-04-11 01:38:01,580 WARNING [default] Unable to locate file for Dark Magician (C:\Users\kingk\OneDrive - Swinburne University\1st Year\2nd Semester\COS20007\YugiohGame\bin\Debug\net6.0\images\/pics/46986414.jpg)
2023-04-11 01:39:06,240 WARNING [default] Unable to locate file for Dark Magician (C:\Users\kingk\OneDrive - Swinburne University\1st Year\2nd Semester\COS20007\YugiohGame\bin\Debug\net6.0\images\/pics/46986414.jpg)
2023-04-11 01:39:06,244 WARNING [default] Unable to locate file for Dark Magician (C:\Users\kingk\OneDrive - Swinburne University\1st Year\2nd Semester\COS20007\YugiohGame\bin\Debug\net6.0\images\/pics/46986414.jpg)
2023-04-11 01:42:50,550 WARNING [default] Unable to locate file for Dark Magician (C:\Users\kingk\OneDrive - Swinburne University\1st Year\2nd Semester\COS20007\YugiohGame\bin\Debug\net6.0\images\/pics/46986414.jpg)
2023-04-11 01:42:50,574 WARNING [default] Unable to locate file for Dark Magician (C:\Users\kingk\OneDrive - Swinburne University\1st Year\2nd Semester\COS20007\YugiohGame\bin\Debug\net6.0\images\/pics/46986414.jpg)
2023-04-11 01:44:50,993 WARNING [default] Unable to locate file for Dark Magician (C:\Users\kingk\OneDrive - Swinburne University\1st Year\2nd Semester\COS20007\YugiohGame\bin\Debug\net6.0\images\/pics/46986414.jpg)
2023-04-11 01:44:50,998 WARNING [default] Unable to locate file for Dark Magician (C:\Users\kingk\OneDrive - Swinburne University\1st Year\2nd Semester\COS20007\YugiohGame\bin\Debug\net6.0\images\/pics/46986414.jpg)
2023-04-11 01:44:50,998 WARNING [default] Unable to locate file for Dark Magician (C:\Users\kingk\OneDrive - Swinburne University\1st Year\2nd Semester\COS20007\YugiohGame\bin\Debug\net6.0\images\/pics/46986414.jpg)
2023-04-11 01:45:25,335 WARNING [default] Unable to locate file for Dark Magician (C:\Users\kingk\OneDrive - Swinburne University\1st Year\2nd Semester\COS20007\YugiohGame\bin\Debug\net6.0\images\/pics/46986414.jpg)
2023-04-11 01:45:25,340 WARNING [default] Unable to locate file for Dark Magician (C:\Users\kingk\OneDrive - Swinburne University\1st Year\2nd Semester\COS20007\YugiohGame\bin\Debug\net6.0\images\/pics/46986414.jpg)
2023-04-11 01:45:25,340 WARNING [default] Unable to locate file for Dark Magician (C:\Users\kingk\OneDrive - Swinburne University\1st Year\2nd Semester\COS20007\YugiohGame\bin\Debug\net6.0\images\/pics/46986414.jpg)
2023-04-11 01:45:53,448 WARNING [default] Unable to locate file for Dark Magician (C:\Users\kingk\OneDrive - Swinburne University\1st Year\2nd Semester\COS20007\YugiohGame\bin\Debug\net6.0\images\/pics/46986414.jpg)
2023-04-11 01:45:53,456 WARNING [default] Unable to locate file for Dark Magician (C:\Users\kingk\OneDrive - Swinburne University\1st Year\2nd Semester\COS20007\YugiohGame\bin\Debug\net6.0\images\/pics/46986414.jpg)
2023-04-11 01:45:53,457 WARNING [default] Unable to locate file for Dark Magician (C:\Users\kingk\OneDrive - Swinburne University\1st Year\2nd Semester\COS20007\YugiohGame\bin\Debug\net6.0\images\/pics/46986414.jpg)
2023-04-11 01:46:34,624 WARNING [default] Unable to locate file for Dark Magician (C:\Users\kingk\OneDrive - Swinburne University\1st Year\2nd Semester\COS20007\YugiohGame\bin\Debug\net6.0\images\/pics/46986414.jpg)
2023-04-11 01:46:34,628 WARNING [default] Unable to locate file for Dark Magician (C:\Users\kingk\OneDrive - Swinburne University\1st Year\2nd Semester\COS20007\YugiohGame\bin\Debug\net6.0\images\/pics/46986414.jpg)
2023-04-11 01:46:34,628 WARNING [default] Unable to locate file for Dark Magician (C:\Users\kingk\OneDrive - Swinburne University\1st Year\2nd Semester\COS20007\YugiohGame\bin\Debug\net6.0\images\/pics/46986414.jpg)
2023-04-11 01:46:54,065 WARNING [default] Unable to locate file for Dark Magician (C:\Users\kingk\OneDrive - Swinburne University\1st Year\2nd Semester\COS20007\YugiohGame\bin\Debug\net6.0\images\/pics/46986414.jpg)
2023-04-11 01:46:54,070 WARNING [default] Unable to locate file for Dark Magician (C:\Users\kingk\OneDrive - Swinburne University\1st Year\2nd Semester\COS20007\YugiohGame\bin\Debug\net6.0\images\/pics/46986414.jpg)
2023-04-11 01:46:54,071 WARNING [default] Unable to locate file for Dark Magician (C:\Users\kingk\OneDrive - Swinburne University\1st Year\2nd Semester\COS20007\YugiohGame\bin\Debug\net6.0\images\/pics/46986414.jpg)
2023-04-11 01:47:03,583 WARNING [default] Unable to locate file for Dark Magician (C:\Users\kingk\OneDrive - Swinburne University\1st Year\2nd Semester\COS20007\YugiohGame\bin\Debug\net6.0\images\/pics/46986414.jpg)
2023-04-11 01:47:03,588 WARNING [default] Unable to locate file for Dark Magician (C:\Users\kingk\OneDrive - Swinburne University\1st Year\2nd Semester\COS20007\YugiohGame\bin\Debug\net6.0\images\/pics/46986414.jpg)
2023-04-11 01:47:03,589 WARNING [default] Unable to locate file for Dark Magician (C:\Users\kingk\OneDrive - Swinburne University\1st Year\2nd Semester\COS20007\YugiohGame\bin\Debug\net6.0\images\/pics/46986414.jpg)
2023-04-11 01:47:25,339 WARNING [default] Unable to locate file for Dark Magician (C:\Users\kingk\OneDrive - Swinburne University\1st Year\2nd Semester\COS20007\YugiohGame\bin\Debug\net6.0\images\/pics/46986414.jpg)
2023-04-11 01:47:25,344 WARNING [default] Unable to locate file for Dark Magician (C:\Users\kingk\OneDrive - Swinburne University\1st Year\2nd Semester\COS20007\YugiohGame\bin\Debug\net6.0\images\/pics/46986414.jpg)
2023-04-11 01:47:25,345 WARNING [default] Unable to locate file for Dark Magician (C:\Users\kingk\OneDrive - Swinburne University\1st Year\2nd Semester\COS20007\YugiohGame\bin\Debug\net6.0\images\/pics/46986414.jpg)
2023-04-11 01:47:55,109 WARNING [default] Unable to locate file for Dark Magician (C:\Users\kingk\OneDrive - Swinburne University\1st Year\2nd Semester\COS20007\YugiohGame\bin\Debug\net6.0\images\/pics/46986414.jpg)
2023-04-11 01:47:55,112 WARNING [default] Unable to locate file for Dark Magician (C:\Users\kingk\OneDrive - Swinburne University\1st Year\2nd Semester\COS20007\YugiohGame\bin\Debug\net6.0\images\/pics/46986414.jpg)
2023-04-11 01:49:50,332 WARNING [default] Unable to locate file for Dark Magician (C:\Users\kingk\OneDrive - Swinburne University\1st Year\2nd Semester\COS20007\YugiohGame\bin\Debug\net6.0\images\/pics/46986414.jpg)
2023-04-11 01:49:50,335 WARNING [default] Unable to locate file for Dark Magician (C:\Users\kingk\OneDrive - Swinburne University\1st Year\2nd Semester\COS20007\YugiohGame\bin\Debug\net6.0\images\/pics/46986414.jpg)
2023-04-11 01:49:50,336 WARNING [default] Unable to locate file for Summoned Skull (C:\Users\kingk\OneDrive - Swinburne University\1st Year\2nd Semester\COS20007\YugiohGame\bin\Debug\net6.0\images\/pics/46986414.jpg)
2023-04-11 01:49:50,336 WARNING [default] Unable to locate file for Mammoth Graveyard (C:\Users\kingk\OneDrive - Swinburne University\1st Year\2nd Semester\COS20007\YugiohGame\bin\Debug\net6.0\images\/pics/46986414.jpg)
2023-04-11 01:49:50,337 WARNING [default] Unable to locate file for Giant Soldier of Stone (C:\Users\kingk\OneDrive - Swinburne University\1st Year\2nd Semester\COS20007\YugiohGame\bin\Debug\net6.0\images\/pics/46986414.jpg)
2023-04-11 01:49:50,337 WARNING [default] Unable to locate file for Blue-eyes White Dragon (C:\Users\kingk\OneDrive - Swinburne University\1st Year\2nd Semester\COS20007\YugiohGame\bin\Debug\net6.0\images\/pics/46986414.jpg)
2023-04-11 01:49:50,338 WARNING [default] Unable to locate file for Dark Magician (C:\Users\kingk\OneDrive - Swinburne University\1st Year\2nd Semester\COS20007\YugiohGame\bin\Debug\net6.0\images\/pics/46986414.jpg)
2023-04-11 01:52:56,898 WARNING [default] Unable to locate file for Dark Magician (C:\Users\kingk\OneDrive - Swinburne University\1st Year\2nd Semester\COS20007\YugiohGame\bin\Debug\net6.0\images\/pics/46986414.jpg)
2023-04-11 01:52:56,901 WARNING [default] Unable to locate file for Dark Magician (C:\Users\kingk\OneDrive - Swinburne University\1st Year\2nd Semester\COS20007\YugiohGame\bin\Debug\net6.0\images\/pics/46986414.jpg)
2023-04-11 01:53:35,662 WARNING [default] Unable to locate file for Dark Magician (C:\Users\kingk\OneDrive - Swinburne University\1st Year\2nd Semester\COS20007\YugiohGame\bin\Debug\net6.0\images\/pics/46986414.jpg)
2023-04-11 01:53:35,665 WARNING [default] Unable to locate file for Dark Magician (C:\Users\kingk\OneDrive - Swinburne University\1st Year\2nd Semester\COS20007\YugiohGame\bin\Debug\net6.0\images\/pics/46986414.jpg)
2023-04-11 01:58:45,715 WARNING [default] Unable to locate file for Dark Magician (C:\Users\kingk\OneDrive - Swinburne University\1st Year\2nd Semester\COS20007\YugiohGame\bin\Debug\net6.0\images\/pics/46986414.jpg)
2023-04-11 01:58:45,722 WARNING [default] Unable to locate file for Dark Magician (C:\Users\kingk\OneDrive - Swinburne University\1st Year\2nd Semester\COS20007\YugiohGame\bin\Debug\net6.0\images\/pics/46986414.jpg)
2023-04-11 01:59:44,386 WARNING [default] Unable to locate file for Dark Magician (C:\Users\kingk\OneDrive - Swinburne University\1st Year\2nd Semester\COS20007\YugiohGame\bin\Debug\net6.0\images\/pics/46986414.jpg)
2023-04-11 01:59:44,390 WARNING [default] Unable to locate file for Dark Magician (C:\Users\kingk\OneDrive - Swinburne University\1st Year\2nd Semester\COS20007\YugiohGame\bin\Debug\net6.0\images\/pics/46986414.jpg)
2023-04-11 02:00:32,792 WARNING [default] Unable to locate file for Dark Magician (C:\Users\kingk\OneDrive - Swinburne University\1st Year\2nd Semester\COS20007\YugiohGame\bin\Debug\net6.0\images\/pics/46986414.jpg)
2023-04-11 02:00:32,797 WARNING [default] Unable to locate file for Dark Magician (C:\Users\kingk\OneDrive - Swinburne University\1st Year\2nd Semester\COS20007\YugiohGame\bin\Debug\net6.0\images\/pics/46986414.jpg)
2023-04-11 02:00:58,588 WARNING [default] Unable to locate file for Dark Magician (C:\Users\kingk\OneDrive - Swinburne University\1st Year\2nd Semester\COS20007\YugiohGame\bin\Debug\net6.0\images\/pics/46986414.jpg)
2023-04-11 02:00:58,593 WARNING [default] Unable to locate file for Dark Magician (C:\Users\kingk\OneDrive - Swinburne University\1st Year\2nd Semester\COS20007\YugiohGame\bin\Debug\net6.0\images\/pics/46986414.jpg)
2023-04-11 02:00:58,593 WARNING [default] Unable to locate file for Dark Magician (C:\Users\kingk\OneDrive - Swinburne University\1st Year\2nd Semester\COS20007\YugiohGame\bin\Debug\net6.0\images\/pics/46986414.jpg)
2023-04-11 02:00:58,594 WARNING [default] Unable to locate file for Dark Magician (C:\Users\kingk\OneDrive - Swinburne University\1st Year\2nd Semester\COS20007\YugiohGame\bin\Debug\net6.0\images\/pics/46986414.jpg)
2023-04-11 02:00:58,595 WARNING [default] Unable to locate file for Dark Magician (C:\Users\kingk\OneDrive - Swinburne University\1st Year\2nd Semester\COS20007\YugiohGame\bin\Debug\net6.0\images\/pics/46986414.jpg)
2023-04-11 02:00:58,595 WARNING [default] Unable to locate file for Dark Magician (C:\Users\kingk\OneDrive - Swinburne University\1st Year\2nd Semester\COS20007\YugiohGame\bin\Debug\net6.0\images\/pics/46986414.jpg)
2023-04-11 02:00:58,596 WARNING [default] Unable to locate file for Dark Magician (C:\Users\kingk\OneDrive - Swinburne University\1st Year\2nd Semester\COS20007\YugiohGame\bin\Debug\net6.0\images\/pics/46986414.jpg)
2023-04-11 02:01:37,354 WARNING [default] Unable to locate file for Dark Magician (C:\Users\kingk\OneDrive - Swinburne University\1st Year\2nd Semester\COS20007\YugiohGame\bin\Debug\net6.0\images\/pics/46986414.jpg)
2023-04-11 02:01:37,358 WARNING [default] Unable to locate file for Dark Magician (C:\Users\kingk\OneDrive - Swinburne University\1st Year\2nd Semester\COS20007\YugiohGame\bin\Debug\net6.0\images\/pics/46986414.jpg)
2023-04-11 02:01:37,360 WARNING [default] Unable to locate file for Dark Magician (C:\Users\kingk\OneDrive - Swinburne University\1st Year\2nd Semester\COS20007\YugiohGame\bin\Debug\net6.0\images\/pics/46986414.jpg)
2023-04-11 02:01:37,360 WARNING [default] Unable to locate file for Dark Magician (C:\Users\kingk\OneDrive - Swinburne University\1st Year\2nd Semester\COS20007\YugiohGame\bin\Debug\net6.0\images\/pics/46986414.jpg)
2023-04-11 02:01:37,361 WARNING [default] Unable to locate file for Dark Magician (C:\Users\kingk\OneDrive - Swinburne University\1st Year\2nd Semester\COS20007\YugiohGame\bin\Debug\net6.0\images\/pics/46986414.jpg)
2023-04-11 02:01:37,362 WARNING [default] Unable to locate file for Dark Magician (C:\Users\kingk\OneDrive - Swinburne University\1st Year\2nd Semester\COS20007\YugiohGame\bin\Debug\net6.0\images\/pics/46986414.jpg)
2023-04-11 02:01:37,362 WARNING [default] Unable to locate file for Dark Magician (C:\Users\kingk\OneDrive - Swinburne University\1st Year\2nd Semester\COS20007\YugiohGame\bin\Debug\net6.0\images\/pics/46986414.jpg)
2023-04-11 02:06:24,115 WARNING [default] Unable to locate file for Dark Magician (C:\Users\kingk\OneDrive - Swinburne University\1st Year\2nd Semester\COS20007\YugiohGame\bin\Debug\net6.0\images\/pics/46986414.jpg)
2023-04-11 02:06:24,121 WARNING [default] Unable to locate file for Dark Magician (C:\Users\kingk\OneDrive - Swinburne University\1st Year\2nd Semester\COS20007\YugiohGame\bin\Debug\net6.0\images\/pics/46986414.jpg)
2023-04-11 02:06:24,122 WARNING [default] Unable to locate file for Dark Magician (C:\Users\kingk\OneDrive - Swinburne University\1st Year\2nd Semester\COS20007\YugiohGame\bin\Debug\net6.0\images\/pics/46986414.jpg)
2023-04-11 02:06:24,123 WARNING [default] Unable to locate file for Dark Magician (C:\Users\kingk\OneDrive - Swinburne University\1st Year\2nd Semester\COS20007\YugiohGame\bin\Debug\net6.0\images\/pics/46986414.jpg)
2023-04-11 02:06:24,124 WARNING [default] Unable to locate file for Dark Magician (C:\Users\kingk\OneDrive - Swinburne University\1st Year\2nd Semester\COS20007\YugiohGame\bin\Debug\net6.0\images\/pics/46986414.jpg)
2023-04-11 02:06:24,124 WARNING [default] Unable to locate file for Dark Magician (C:\Users\kingk\OneDrive - Swinburne University\1st Year\2nd Semester\COS20007\YugiohGame\bin\Debug\net6.0\images\/pics/46986414.jpg)
2023-04-11 02:06:24,125 WARNING [default] Unable to locate file for Dark Magician (C:\Users\kingk\OneDrive - Swinburne University\1st Year\2nd Semester\COS20007\YugiohGame\bin\Debug\net6.0\images\/pics/46986414.jpg)
2023-04-11 02:06:47,858 WARNING [default] Unable to locate file for Dark Magician (C:\Users\kingk\OneDrive - Swinburne University\1st Year\2nd Semester\COS20007\YugiohGame\bin\Debug\net6.0\images\/pics/46986414.jpg)
2023-04-11 02:06:47,861 WARNING [default] Unable to locate file for Dark Magician (C:\Users\kingk\OneDrive - Swinburne University\1st Year\2nd Semester\COS20007\YugiohGame\bin\Debug\net6.0\images\/pics/46986414.jpg)
2023-04-11 02:09:32,007 WARNING [default] Unable to locate file for Dark Magician (C:\Users\kingk\OneDrive - Swinburne University\1st Year\2nd Semester\COS20007\YugiohGame\bin\Debug\net6.0\images\/pics/46986414.jpg)
2023-04-11 02:09:32,012 WARNING [default] Unable to locate file for Dark Magician (C:\Users\kingk\OneDrive - Swinburne University\1st Year\2nd Semester\COS20007\YugiohGame\bin\Debug\net6.0\images\/pics/46986414.jpg)
2023-04-11 02:09:32,013 WARNING [default] Unable to locate file for Summoned Skull (C:\Users\kingk\OneDrive - Swinburne University\1st Year\2nd Semester\COS20007\YugiohGame\bin\Debug\net6.0\images\/pics/70781052.jpg)
2023-04-11 02:09:32,013 WARNING [default] Unable to locate file for Mammoth Graveyard (C:\Users\kingk\OneDrive - Swinburne University\1st Year\2nd Semester\COS20007\YugiohGame\bin\Debug\net6.0\images\/pics/40374923.jpg)
2023-04-11 02:09:32,013 WARNING [default] Unable to locate file for Giant Soldier of Stone (C:\Users\kingk\OneDrive - Swinburne University\1st Year\2nd Semester\COS20007\YugiohGame\bin\Debug\net6.0\images\/pics/13039848.jpg)
2023-04-11 02:09:32,014 WARNING [default] Unable to locate file for Blue-eyes White Dragon (C:\Users\kingk\OneDrive - Swinburne University\1st Year\2nd Semester\COS20007\YugiohGame\bin\Debug\net6.0\images\/pics/89631139.jpg)
2023-04-11 02:09:32,014 WARNING [default] Unable to locate file for Dark Magician (C:\Users\kingk\OneDrive - Swinburne University\1st Year\2nd Semester\COS20007\YugiohGame\bin\Debug\net6.0\images\/pics/46986414.jpg)
2023-04-11 02:10:27,815 WARNING [default] Unable to locate file for Dark Magician (C:\Users\kingk\OneDrive - Swinburne University\1st Year\2nd Semester\COS20007\YugiohGame\bin\Debug\net6.0\images\/pics/46986414.jpg)
2023-04-11 02:10:27,820 WARNING [default] Unable to locate file for Dark Magician (C:\Users\kingk\OneDrive - Swinburne University\1st Year\2nd Semester\COS20007\YugiohGame\bin\Debug\net6.0\images\/pics/46986414.jpg)
2023-04-11 02:10:27,820 WARNING [default] Unable to locate file for Summoned Skull (C:\Users\kingk\OneDrive - Swinburne University\1st Year\2nd Semester\COS20007\YugiohGame\bin\Debug\net6.0\images\/pics/70781052.jpg)
2023-04-11 02:10:27,821 WARNING [default] Unable to locate file for Mammoth Graveyard (C:\Users\kingk\OneDrive - Swinburne University\1st Year\2nd Semester\COS20007\YugiohGame\bin\Debug\net6.0\images\/pics/40374923.jpg)
2023-04-11 02:10:27,822 WARNING [default] Unable to locate file for Giant Soldier of Stone (C:\Users\kingk\OneDrive - Swinburne University\1st Year\2nd Semester\COS20007\YugiohGame\bin\Debug\net6.0\images\/pics/13039848.jpg)
2023-04-11 02:10:27,823 WARNING [default] Unable to locate file for Blue-eyes White Dragon (C:\Users\kingk\OneDrive - Swinburne University\1st Year\2nd Semester\COS20007\YugiohGame\bin\Debug\net6.0\images\/pics/89631139.jpg)
2023-04-11 02:10:27,823 WARNING [default] Unable to locate file for Dark Magician (C:\Users\kingk\OneDrive - Swinburne University\1st Year\2nd Semester\COS20007\YugiohGame\bin\Debug\net6.0\images\/pics/46986414.jpg)
2023-04-11 02:11:57,231 WARNING [default] Unable to locate file for Dark Magician (C:\Users\kingk\OneDrive - Swinburne University\1st Year\2nd Semester\COS20007\YugiohGame\bin\Debug\net6.0\images\/pics/46986414.jpg)
2023-04-11 02:11:57,234 WARNING [default] Unable to locate file for Dark Magician (C:\Users\kingk\OneDrive - Swinburne University\1st Year\2nd Semester\COS20007\YugiohGame\bin\Debug\net6.0\images\/pics/46986414.jpg)
2023-04-11 02:11:57,235 WARNING [default] Unable to locate file for Summoned Skull (C:\Users\kingk\OneDrive - Swinburne University\1st Year\2nd Semester\COS20007\YugiohGame\bin\Debug\net6.0\images\/pics/70781052.jpg)
2023-04-11 02:11:57,236 WARNING [default] Unable to locate file for Mammoth Graveyard (C:\Users\kingk\OneDrive - Swinburne University\1st Year\2nd Semester\COS20007\YugiohGame\bin\Debug\net6.0\images\/pics/40374923.jpg)
2023-04-11 02:11:57,236 WARNING [default] Unable to locate file for Giant Soldier of Stone (C:\Users\kingk\OneDrive - Swinburne University\1st Year\2nd Semester\COS20007\YugiohGame\bin\Debug\net6.0\images\/pics/13039848.jpg)
2023-04-11 02:11:57,237 WARNING [default] Unable to locate file for Blue-eyes White Dragon (C:\Users\kingk\OneDrive - Swinburne University\1st Year\2nd Semester\COS20007\YugiohGame\bin\Debug\net6.0\images\/pics/89631139.jpg)
2023-04-11 02:11:57,237 WARNING [default] Unable to locate file for Dark Magician (C:\Users\kingk\OneDrive - Swinburne University\1st Year\2nd Semester\COS20007\YugiohGame\bin\Debug\net6.0\images\/pics/46986414.jpg)
2023-04-11 11:42:20,620 WARNING [default] Unable to locate file for Dark Magician (C:\Users\kingk\OneDrive - Swinburne University\1st Year\2nd Semester\COS20007\YugiohGame\bin\Debug\net6.0\images\pics/46986414.jpg)
2023-04-11 11:42:20,628 WARNING [default] Unable to locate file for Dark Magician (C:\Users\kingk\OneDrive - Swinburne University\1st Year\2nd Semester\COS20007\YugiohGame\bin\Debug\net6.0\images\pics/46986414.jpg)
2023-04-11 11:44:53,808 WARNING [default] Unable to locate file for Dark Magician (C:\Users\kingk\OneDrive - Swinburne University\1st Year\2nd Semester\COS20007\YugiohGame\bin\Debug\net6.0\images\pics\46986414.jpg)
2023-04-11 11:44:53,818 WARNING [default] Unable to locate file for Dark Magician (C:\Users\kingk\OneDrive - Swinburne University\1st Year\2nd Semester\COS20007\YugiohGame\bin\Debug\net6.0\images\pics\46986414.jpg)
